<?xml version="1.0" encoding="UTF-8"?>
<!-- Generated by org.testng.reporters.JUnitReportReporter -->
<testsuite hostname="Churchill" failures="0" tests="1" name="Runner.Runner_Class" time="8.617" errors="0" timestamp="22 Oct 2024 09:36:28 GMT" skipped="0">
  <testcase classname="Runner.Runner_Class" name="runScenario" time="8.617"/>
</testsuite> <!-- Runner.Runner_Class -->
