<?xml version="1.0" encoding="UTF-8"?>
<!-- Generated by org.testng.reporters.JUnitReportReporter -->
<testsuite hostname="Churchill" failures="0" tests="1" name="Runner_Class_Meesho.Runner_Meesho" time="17.478" errors="0" timestamp="22 Oct 2024 11:57:07 GMT" skipped="0">
  <testcase classname="Runner_Class_Meesho.Runner_Meesho" name="runScenario" time="17.478"/>
</testsuite> <!-- Runner_Class_Meesho.Runner_Meesho -->
